[2024-03-20 19:22:20Z INFO HostContext] No proxy settings were found based on environmental variables (http_proxy/https_proxy/HTTP_PROXY/HTTPS_PROXY)
[2024-03-20 19:22:20Z INFO HostContext] Well known directory 'Bin': 'D:\Учёба\kursach\Dev-course\python\actions-runner\bin'
[2024-03-20 19:22:20Z INFO HostContext] Well known directory 'Root': 'D:\Учёба\kursach\Dev-course\python\actions-runner'
[2024-03-20 19:22:20Z INFO HostContext] Well known config file 'Credentials': 'D:\Учёба\kursach\Dev-course\python\actions-runner\.credentials'
[2024-03-20 19:22:21Z INFO HostContext] Well known directory 'Bin': 'D:\Учёба\kursach\Dev-course\python\actions-runner\bin'
[2024-03-20 19:22:21Z INFO HostContext] Well known directory 'Root': 'D:\Учёба\kursach\Dev-course\python\actions-runner'
[2024-03-20 19:22:21Z INFO HostContext] Well known config file 'Runner': 'D:\Учёба\kursach\Dev-course\python\actions-runner\.runner'
[2024-03-20 19:22:21Z INFO Worker] Version: 2.314.1
[2024-03-20 19:22:21Z INFO Worker] Commit: 976290d966e6cc3e748a49bf8fdbe139ff764201
[2024-03-20 19:22:21Z INFO Worker] Culture: ru-BY
[2024-03-20 19:22:21Z INFO Worker] UI Culture: ru-RU
[2024-03-20 19:22:21Z INFO Worker] Waiting to receive the job message from the channel.
[2024-03-20 19:22:21Z INFO ProcessChannel] Receiving message of length 24621, with hash 'c805fddba09e1e6a6fd6e6111258d00bbeb6c3c0b32e16b19f902e52414408ce'
[2024-03-20 19:22:21Z INFO Worker] Message received.
[2024-03-20 19:22:21Z INFO Worker] Job message:
 {
  "fileTable": [
    ".github/workflows/cicd.yaml"
  ],
  "mask": [
    {
      "type": "regex",
      "value": "***"
    },
    {
      "type": "regex",
      "value": "***"
    },
    {
      "type": "regex",
      "value": "***"
    },
    {
      "type": "regex",
      "value": "***"
    },
    {
      "type": "regex",
      "value": "***"
    },
    {
      "type": "regex",
      "value": "***"
    },
    {
      "type": "regex",
      "value": "***"
    },
    {
      "type": "regex",
      "value": "***"
    },
    {
      "type": "regex",
      "value": "***"
    },
    {
      "type": "regex",
      "value": "***"
    },
    {
      "type": "regex",
      "value": "***"
    },
    {
      "type": "regex",
      "value": "***"
    },
    {
      "type": "regex",
      "value": "***"
    },
    {
      "type": "regex",
      "value": "***"
    },
    {
      "type": "regex",
      "value": "***"
    },
    {
      "type": "regex",
      "value": "***"
    },
    {
      "type": "regex",
      "value": "***"
    },
    {
      "type": "regex",
      "value": "***"
    },
    {
      "type": "regex",
      "value": "***"
    }
  ],
  "steps": [
    {
      "type": "action",
      "reference": {
        "type": "repository",
        "name": "actions/checkout",
        "ref": "v4",
        "repositoryType": "GitHub",
        "path": ""
      },
      "displayNameToken": {
        "type": 0,
        "file": 1,
        "line": 15,
        "col": 15,
        "lit": "Checkout repository"
      },
      "contextName": "__actions_checkout",
      "condition": "success()",
      "id": "a60052d4-79a0-5821-3eeb-84adb9872c5b",
      "name": "__actions_checkout"
    },
    {
      "type": "action",
      "reference": {
        "type": "repository",
        "name": "actions/setup-python",
        "ref": "v5",
        "repositoryType": "GitHub",
        "path": ""
      },
      "displayNameToken": {
        "type": 0,
        "file": 1,
        "line": 19,
        "col": 15,
        "lit": "Set up Python"
      },
      "contextName": "__actions_setup-python",
      "inputs": {
        "type": 2,
        "file": 1,
        "line": 22,
        "col": 11,
        "map": [
          {
            "key": {
              "type": 0,
              "file": 1,
              "line": 22,
              "col": 11,
              "lit": "python-version"
            },
            "value": {
              "type": 0,
              "file": 1,
              "line": 22,
              "col": 27,
              "lit": "3.10"
            }
          }
        ]
      },
      "condition": "success()",
      "id": "c7d78b20-6c5e-5506-2990-a826c4844cf8",
      "name": "__actions_setup-python"
    },
    {
      "type": "action",
      "reference": {
        "type": "script"
      },
      "displayNameToken": {
        "type": 0,
        "file": 1,
        "line": 24,
        "col": 15,
        "lit": "Install dependencies"
      },
      "contextName": "__run",
      "inputs": {
        "type": 2,
        "map": [
          {
            "key": "script",
            "value": {
              "type": 0,
              "file": 1,
              "line": 25,
              "col": 14,
              "lit": "pip install -r requirements.txt\n"
            }
          }
        ]
      },
      "condition": "success()",
      "id": "dd23db01-cff6-57a4-373a-5c8097a97333",
      "name": "__run"
    },
    {
      "type": "action",
      "reference": {
        "type": "script"
      },
      "displayNameToken": {
        "type": 0,
        "file": 1,
        "line": 28,
        "col": 15,
        "lit": "Run tests"
      },
      "contextName": "__run_2",
      "inputs": {
        "type": 2,
        "map": [
          {
            "key": "script",
            "value": {
              "type": 0,
              "file": 1,
              "line": 29,
              "col": 14,
              "lit": "pytest\n"
            }
          }
        ]
      },
      "condition": "success()",
      "id": "87b991c0-db8a-593e-4233-d8a37f15e4c9",
      "name": "__run_2"
    }
  ],
  "variables": {
    "system.isScheduled": {
      "value": "False"
    },
    "system.servertype": {
      "value": "Hosted"
    },
    "system.culture": {
      "value": ""
    },
    "system.pipelineStartTime": {
      "value": "2024-03-20 19:22:15+00:00"
    },
    "system.runner.lowdiskspacethreshold": {
      "value": "100"
    },
    "DistributedTask.NewActionMetadata": {
      "value": "true"
    },
    "DistributedTask.EnableCompositeActions": {
      "value": "true"
    },
    "DistributedTask.EnhancedAnnotations": {
      "value": "true"
    },
    "DistributedTask.UploadStepSummary": {
      "value": "true"
    },
    "DistributedTask.ForceGithubJavascriptActionsToNode16": {
      "value": "true"
    },
    "DistributedTask.AddWarningToNode12Action": {
      "value": "true"
    },
    "DistributedTask.AddWarningToNode16Action": {
      "value": "true"
    },
    "DistributedTask.LogTemplateErrorsAsDebugMessages": {
      "value": "true"
    },
    "DistributedTask.AllowRunnerContainerHooks": {
      "value": "true"
    },
    "DistributedTask.DeprecateStepOutputCommands": {
      "value": "true"
    },
    "Actions.EnableHttpRedirects": {
      "value": "true"
    },
    "DistributedTask.UseActionArchiveCache": {
      "value": "true"
    },
    "DistributedTask.UseWhich2": {
      "value": "true"
    },
    "DistributedTask.DetailUntarFailure": {
      "value": "true"
    },
    "DistributedTask.EnableJobServerQueueTelemetry": {
      "value": "true"
    },
    "DistributedTask.MarkJobAsFailedOnWorkerCrash": {
      "value": "true"
    },
    "system.teamProjectId": {
      "value": "00000000-0000-0000-0000-000000000000"
    },
    "build.buildId": {
      "value": "6"
    },
    "build.containerId": {
      "value": "14690421"
    },
    "system.workflowFilePath": {
      "value": ".github/workflows/cicd.yaml"
    },
    "system.phaseDisplayName": {
      "value": "build"
    },
    "system.phaseId": {
      "value": "6884a131-87da-5381-61f3-d7acc3b91d76"
    },
    "system.phaseName": {
      "value": "build"
    },
    "system.phaseAttempt": {
      "value": "1"
    },
    "system.jobIdentifier": {
      "value": "build.__default"
    },
    "system.jobAttempt": {
      "value": "1"
    },
    "System.JobPositionInPhase": {
      "value": "1"
    },
    "System.TotalJobsInPhase": {
      "value": "1"
    },
    "system.github.job": {
      "value": "build"
    },
    "system.jobDisplayName": {
      "value": "build"
    },
    "system.jobId": {
      "value": "ca395085-040a-526b-2ce8-bdc85f692774"
    },
    "system.jobName": {
      "value": "__default"
    },
    "system.github.token.permissions": {
      "value": "{\"Contents\":\"read\",\"Metadata\":\"read\",\"Packages\":\"read\"}"
    },
    "system.github.token": {
      "value": "***",
      "isSecret": true
    },
    "system.runnerEnvironment": {
      "value": "self-hosted"
    },
    "system.github.results_endpoint": {
      "value": "https://results-receiver.actions.githubusercontent.com/"
    },
    "system.github.results_upload_with_sdk": {
      "value": "True"
    },
    "system.orchestrationId": {
      "value": "46026f9e-8357-44e2-aac4-696637692181.build.__default"
    },
    "system.runnerGroupName": {
      "value": "Default"
    }
  },
  "messageType": "PipelineAgentJobRequest",
  "plan": {
    "scopeIdentifier": "00000000-0000-0000-0000-000000000000",
    "planType": "Actions",
    "version": 39,
    "planId": "46026f9e-8357-44e2-aac4-696637692181",
    "planGroup": "Actions:00000000-0000-0000-0000-000000000000:1",
    "artifactUri": "vstfs:///Build/Build/6",
    "artifactLocation": null,
    "definition": {
      "_links": {},
      "id": 3,
      "name": "Kursach"
    },
    "owner": {
      "_links": {},
      "id": 3,
      "name": "AnastasiyaVasilevskaya"
    }
  },
  "timeline": {
    "id": "46026f9e-8357-44e2-aac4-696637692181",
    "changeId": 0,
    "location": null
  },
  "jobId": "ca395085-040a-526b-2ce8-bdc85f692774",
  "jobDisplayName": "build",
  "jobName": "__default",
  "jobContainer": {
    "type": 2,
    "file": 1,
    "line": 12,
    "col": 7,
    "map": [
      {
        "key": {
          "type": 0,
          "file": 1,
          "line": 12,
          "col": 7,
          "lit": "image"
        },
        "value": {
          "type": 0,
          "file": 1,
          "line": 12,
          "col": 14,
          "lit": "my_obraz"
        }
      }
    ]
  },
  "requestId": 6,
  "lockedUntil": "0001-01-01T00:00:00",
  "resources": {
    "endpoints": [
      {
        "data": {
          "ServerId": "27835345-7fc5-485b-bb30-b04c9be83fcd",
          "ServerName": "hFvxcCW0rNIjOPb7J2x5FG3dgKm4xHk1lEk9Fl5bBnYehGfMqp",
          "CacheServerUrl": "https://acghubeus1.actions.githubusercontent.com/hFvxcCW0rNIjOPb7J2x5FG3dgKm4xHk1lEk9Fl5bBnYehGfMqp/",
          "FeedStreamUrl": "https://results-receiver.actions.githubusercontent.com/_ws/ingest.sock",
          "ResultsServiceUrl": "https://results-receiver.actions.githubusercontent.com/",
          "ConnectivityChecks": "[\"https://acghubeus0.actions.githubusercontent.com/_apis/health\",\"https://results-receiver.actions.githubusercontent.com/health\",\"https://actions-results-receiver-production.githubapp.com/health\",\"https://pipelinesghubeus13.actions.githubusercontent.com/_apis/health\"]"
        },
        "name": "SystemVssConnection",
        "url": "https://pipelinesghubeus13.actions.githubusercontent.com/hFvxcCW0rNIjOPb7J2x5FG3dgKm4xHk1lEk9Fl5bBnYehGfMqp/",
        "authorization": {
          "parameters": {
            "AccessToken": ***
          },
          "scheme": "OAuth"
        },
        "isShared": false,
        "isReady": true
      }
    ]
  },
  "contextData": {
    "github": {
      "t": 2,
      "d": [
        {
          "k": "ref",
          "v": "refs/heads/main"
        },
        {
          "k": "sha",
          "v": "df1a9480695bf94f24d0c642c7dd1a4fb4a4a66f"
        },
        {
          "k": "repository",
          "v": "AnastasiyaVasilevskaya/Kursach"
        },
        {
          "k": "repository_owner",
          "v": "AnastasiyaVasilevskaya"
        },
        {
          "k": "repository_owner_id",
          "v": "94404108"
        },
        {
          "k": "repositoryUrl",
          "v": "git://github.com/AnastasiyaVasilevskaya/Kursach.git"
        },
        {
          "k": "run_id",
          "v": "8364715576"
        },
        {
          "k": "run_number",
          "v": "7"
        },
        {
          "k": "retention_days",
          "v": "90"
        },
        {
          "k": "run_attempt",
          "v": "1"
        },
        {
          "k": "artifact_cache_size_limit",
          "v": "10"
        },
        {
          "k": "repository_visibility",
          "v": "public"
        },
        {
          "k": "repo-self-hosted-runners-disabled",
          "v": false
        },
        {
          "k": "enterprise-managed-business-id",
          "v": ""
        },
        {
          "k": "repository_id",
          "v": "760724925"
        },
        {
          "k": "actor_id",
          "v": "94404108"
        },
        {
          "k": "actor",
          "v": "AnastasiyaVasilevskaya"
        },
        {
          "k": "triggering_actor",
          "v": "AnastasiyaVasilevskaya"
        },
        {
          "k": "workflow",
          "v": "CI/CD Pipeline"
        },
        {
          "k": "head_ref",
          "v": ""
        },
        {
          "k": "base_ref",
          "v": ""
        },
        {
          "k": "event_name",
          "v": "push"
        },
        {
          "k": "event",
          "v": {
            "t": 2,
            "d": [
              {
                "k": "after",
                "v": "df1a9480695bf94f24d0c642c7dd1a4fb4a4a66f"
              },
              {
                "k": "base_ref",
                "v": null
              },
              {
                "k": "before",
                "v": "00544be74a61944b7fd2fbec2f6cd250e009b909"
              },
              {
                "k": "commits",
                "v": {
                  "t": 1,
                  "a": [
                    {
                      "t": 2,
                      "d": [
                        {
                          "k": "author",
                          "v": {
                            "t": 2,
                            "d": [
                              {
                                "k": "email",
                                "v": "nastena2004vasil@gmail.com"
                              },
                              {
                                "k": "name",
                                "v": "Anastasiya Vasilevskaya"
                              },
                              {
                                "k": "username",
                                "v": "AnastasiyaVasilevskaya"
                              }
                            ]
                          }
                        },
                        {
                          "k": "committer",
                          "v": {
                            "t": 2,
                            "d": [
                              {
                                "k": "email",
                                "v": "nastena2004vasil@gmail.com"
                              },
                              {
                                "k": "name",
                                "v": "Anastasiya Vasilevskaya"
                              },
                              {
                                "k": "username",
                                "v": "AnastasiyaVasilevskaya"
                              }
                            ]
                          }
                        },
                        {
                          "k": "distinct",
                          "v": true
                        },
                        {
                          "k": "id",
                          "v": "df1a9480695bf94f24d0c642c7dd1a4fb4a4a66f"
                        },
                        {
                          "k": "message",
                          "v": "add container"
                        },
                        {
                          "k": "timestamp",
                          "v": "2024-03-20T22:22:06+03:00"
                        },
                        {
                          "k": "tree_id",
                          "v": "5307d8841310d1104c607a98375018311054ddbc"
                        },
                        {
                          "k": "url",
                          "v": "https://github.com/AnastasiyaVasilevskaya/Kursach/commit/df1a9480695bf94f24d0c642c7dd1a4fb4a4a66f"
                        }
                      ]
                    }
                  ]
                }
              },
              {
                "k": "compare",
                "v": "https://github.com/AnastasiyaVasilevskaya/Kursach/compare/00544be74a61...df1a9480695b"
              },
              {
                "k": "created",
                "v": false
              },
              {
                "k": "deleted",
                "v": false
              },
              {
                "k": "forced",
                "v": false
              },
              {
                "k": "head_commit",
                "v": {
                  "t": 2,
                  "d": [
                    {
                      "k": "author",
                      "v": {
                        "t": 2,
                        "d": [
                          {
                            "k": "email",
                            "v": "nastena2004vasil@gmail.com"
                          },
                          {
                            "k": "name",
                            "v": "Anastasiya Vasilevskaya"
                          },
                          {
                            "k": "username",
                            "v": "AnastasiyaVasilevskaya"
                          }
                        ]
                      }
                    },
                    {
                      "k": "committer",
                      "v": {
                        "t": 2,
                        "d": [
                          {
                            "k": "email",
                            "v": "nastena2004vasil@gmail.com"
                          },
                          {
                            "k": "name",
                            "v": "Anastasiya Vasilevskaya"
                          },
                          {
                            "k": "username",
                            "v": "AnastasiyaVasilevskaya"
                          }
                        ]
                      }
                    },
                    {
                      "k": "distinct",
                      "v": true
                    },
                    {
                      "k": "id",
                      "v": "df1a9480695bf94f24d0c642c7dd1a4fb4a4a66f"
                    },
                    {
                      "k": "message",
                      "v": "add container"
                    },
                    {
                      "k": "timestamp",
                      "v": "2024-03-20T22:22:06+03:00"
                    },
                    {
                      "k": "tree_id",
                      "v": "5307d8841310d1104c607a98375018311054ddbc"
                    },
                    {
                      "k": "url",
                      "v": "https://github.com/AnastasiyaVasilevskaya/Kursach/commit/df1a9480695bf94f24d0c642c7dd1a4fb4a4a66f"
                    }
                  ]
                }
              },
              {
                "k": "pusher",
                "v": {
                  "t": 2,
                  "d": [
                    {
                      "k": "email",
                      "v": "94404108+AnastasiyaVasilevskaya@users.noreply.github.com"
                    },
                    {
                      "k": "name",
                      "v": "AnastasiyaVasilevskaya"
                    }
                  ]
                }
              },
              {
                "k": "ref",
                "v": "refs/heads/main"
              },
              {
                "k": "repository",
                "v": {
                  "t": 2,
                  "d": [
                    {
                      "k": "allow_forking",
                      "v": true
                    },
                    {
                      "k": "archive_url",
                      "v": "https://api.github.com/repos/AnastasiyaVasilevskaya/Kursach/{archive_format}{/ref}"
                    },
                    {
                      "k": "archived",
                      "v": false
                    },
                    {
                      "k": "assignees_url",
                      "v": "https://api.github.com/repos/AnastasiyaVasilevskaya/Kursach/assignees{/user}"
                    },
                    {
                      "k": "blobs_url",
                      "v": "https://api.github.com/repos/AnastasiyaVasilevskaya/Kursach/git/blobs{/sha}"
                    },
                    {
                      "k": "branches_url",
                      "v": "https://api.github.com/repos/AnastasiyaVasilevskaya/Kursach/branches{/branch}"
                    },
                    {
                      "k": "clone_url",
                      "v": "https://github.com/AnastasiyaVasilevskaya/Kursach.git"
                    },
                    {
                      "k": "collaborators_url",
                      "v": "https://api.github.com/repos/AnastasiyaVasilevskaya/Kursach/collaborators{/collaborator}"
                    },
                    {
                      "k": "comments_url",
                      "v": "https://api.github.com/repos/AnastasiyaVasilevskaya/Kursach/comments{/number}"
                    },
                    {
                      "k": "commits_url",
                      "v": "https://api.github.com/repos/AnastasiyaVasilevskaya/Kursach/commits{/sha}"
                    },
                    {
                      "k": "compare_url",
                      "v": "https://api.github.com/repos/AnastasiyaVasilevskaya/Kursach/compare/{base}...{head}"
                    },
                    {
                      "k": "contents_url",
                      "v": "https://api.github.com/repos/AnastasiyaVasilevskaya/Kursach/contents/{+path}"
                    },
                    {
                      "k": "contributors_url",
                      "v": "https://api.github.com/repos/AnastasiyaVasilevskaya/Kursach/contributors"
                    },
                    {
                      "k": "created_at",
                      "v": 1708459437.0
                    },
                    {
                      "k": "default_branch",
                      "v": "main"
                    },
                    {
                      "k": "deployments_url",
                      "v": "https://api.github.com/repos/AnastasiyaVasilevskaya/Kursach/deployments"
                    },
                    {
                      "k": "description",
                      "v": "DevOps, CI/CD"
                    },
                    {
                      "k": "disabled",
                      "v": false
                    },
                    {
                      "k": "downloads_url",
                      "v": "https://api.github.com/repos/AnastasiyaVasilevskaya/Kursach/downloads"
                    },
                    {
                      "k": "events_url",
                      "v": "https://api.github.com/repos/AnastasiyaVasilevskaya/Kursach/events"
                    },
                    {
                      "k": "fork",
                      "v": false
                    },
                    {
                      "k": "forks",
                      "v": 0.0
                    },
                    {
                      "k": "forks_count",
                      "v": 0.0
                    },
                    {
                      "k": "forks_url",
                      "v": "https://api.github.com/repos/AnastasiyaVasilevskaya/Kursach/forks"
                    },
                    {
                      "k": "full_name",
                      "v": "AnastasiyaVasilevskaya/Kursach"
                    },
                    {
                      "k": "git_commits_url",
                      "v": "https://api.github.com/repos/AnastasiyaVasilevskaya/Kursach/git/commits{/sha}"
                    },
                    {
                      "k": "git_refs_url",
                      "v": "https://api.github.com/repos/AnastasiyaVasilevskaya/Kursach/git/refs{/sha}"
                    },
                    {
                      "k": "git_tags_url",
                      "v": "https://api.github.com/repos/AnastasiyaVasilevskaya/Kursach/git/tags{/sha}"
                    },
                    {
                      "k": "git_url",
                      "v": "git://github.com/AnastasiyaVasilevskaya/Kursach.git"
                    },
                    {
                      "k": "has_discussions",
                      "v": false
                    },
                    {
                      "k": "has_downloads",
                      "v": true
                    },
                    {
                      "k": "has_issues",
                      "v": true
                    },
                    {
                      "k": "has_pages",
                      "v": false
                    },
                    {
                      "k": "has_projects",
                      "v": true
                    },
                    {
                      "k": "has_wiki",
                      "v": true
                    },
                    {
                      "k": "homepage",
                      "v": null
                    },
                    {
                      "k": "hooks_url",
                      "v": "https://api.github.com/repos/AnastasiyaVasilevskaya/Kursach/hooks"
                    },
                    {
                      "k": "html_url",
                      "v": "https://github.com/AnastasiyaVasilevskaya/Kursach"
                    },
                    {
                      "k": "id",
                      "v": 760724925.0
                    },
                    {
                      "k": "is_template",
                      "v": false
                    },
                    {
                      "k": "issue_comment_url",
                      "v": "https://api.github.com/repos/AnastasiyaVasilevskaya/Kursach/issues/comments{/number}"
                    },
                    {
                      "k": "issue_events_url",
                      "v": "https://api.github.com/repos/AnastasiyaVasilevskaya/Kursach/issues/events{/number}"
                    },
                    {
                      "k": "issues_url",
                      "v": "https://api.github.com/repos/AnastasiyaVasilevskaya/Kursach/issues{/number}"
                    },
                    {
                      "k": "keys_url",
                      "v": "https://api.github.com/repos/AnastasiyaVasilevskaya/Kursach/keys{/key_id}"
                    },
                    {
                      "k": "labels_url",
                      "v": "https://api.github.com/repos/AnastasiyaVasilevskaya/Kursach/labels{/name}"
                    },
                    {
                      "k": "language",
                      "v": "Dockerfile"
                    },
                    {
                      "k": "languages_url",
                      "v": "https://api.github.com/repos/AnastasiyaVasilevskaya/Kursach/languages"
                    },
                    {
                      "k": "license",
                      "v": null
                    },
                    {
                      "k": "master_branch",
                      "v": "main"
                    },
                    {
                      "k": "merges_url",
                      "v": "https://api.github.com/repos/AnastasiyaVasilevskaya/Kursach/merges"
                    },
                    {
                      "k": "milestones_url",
                      "v": "https://api.github.com/repos/AnastasiyaVasilevskaya/Kursach/milestones{/number}"
                    },
                    {
                      "k": "mirror_url",
                      "v": null
                    },
                    {
                      "k": "name",
                      "v": "Kursach"
                    },
                    {
                      "k": "node_id",
                      "v": "R_kgDOLVe9vQ"
                    },
                    {
                      "k": "notifications_url",
                      "v": "https://api.github.com/repos/AnastasiyaVasilevskaya/Kursach/notifications{?since,all,participating}"
                    },
                    {
                      "k": "open_issues",
                      "v": 0.0
                    },
                    {
                      "k": "open_issues_count",
                      "v": 0.0
                    },
                    {
                      "k": "owner",
                      "v": {
                        "t": 2,
                        "d": [
                          {
                            "k": "avatar_url",
                            "v": "https://avatars.githubusercontent.com/u/94404108?v=4"
                          },
                          {
                            "k": "email",
                            "v": "94404108+AnastasiyaVasilevskaya@users.noreply.github.com"
                          },
                          {
                            "k": "events_url",
                            "v": "https://api.github.com/users/AnastasiyaVasilevskaya/events{/privacy}"
                          },
                          {
                            "k": "followers_url",
                            "v": "https://api.github.com/users/AnastasiyaVasilevskaya/followers"
                          },
                          {
                            "k": "following_url",
                            "v": "https://api.github.com/users/AnastasiyaVasilevskaya/following{/other_user}"
                          },
                          {
                            "k": "gists_url",
                            "v": "https://api.github.com/users/AnastasiyaVasilevskaya/gists{/gist_id}"
                          },
                          {
                            "k": "gravatar_id",
                            "v": ""
                          },
                          {
                            "k": "html_url",
                            "v": "https://github.com/AnastasiyaVasilevskaya"
                          },
                          {
                            "k": "id",
                            "v": 94404108.0
                          },
                          {
                            "k": "login",
                            "v": "AnastasiyaVasilevskaya"
                          },
                          {
                            "k": "name",
                            "v": "AnastasiyaVasilevskaya"
                          },
                          {
                            "k": "node_id",
                            "v": "U_kgDOBaB-DA"
                          },
                          {
                            "k": "organizations_url",
                            "v": "https://api.github.com/users/AnastasiyaVasilevskaya/orgs"
                          },
                          {
                            "k": "received_events_url",
                            "v": "https://api.github.com/users/AnastasiyaVasilevskaya/received_events"
                          },
                          {
                            "k": "repos_url",
                            "v": "https://api.github.com/users/AnastasiyaVasilevskaya/repos"
                          },
                          {
                            "k": "site_admin",
                            "v": false
                          },
                          {
                            "k": "starred_url",
                            "v": "https://api.github.com/users/AnastasiyaVasilevskaya/starred{/owner}{/repo}"
                          },
                          {
                            "k": "subscriptions_url",
                            "v": "https://api.github.com/users/AnastasiyaVasilevskaya/subscriptions"
                          },
                          {
                            "k": "type",
                            "v": "User"
                          },
                          {
                            "k": "url",
                            "v": "https://api.github.com/users/AnastasiyaVasilevskaya"
                          }
                        ]
                      }
                    },
                    {
                      "k": "private",
                      "v": false
                    },
                    {
                      "k": "pulls_url",
                      "v": "https://api.github.com/repos/AnastasiyaVasilevskaya/Kursach/pulls{/number}"
                    },
                    {
                      "k": "pushed_at",
                      "v": 1710962531.0
                    },
                    {
                      "k": "releases_url",
                      "v": "https://api.github.com/repos/AnastasiyaVasilevskaya/Kursach/releases{/id}"
                    },
                    {
                      "k": "size",
                      "v": 4.0
                    },
                    {
                      "k": "ssh_url",
                      "v": "git@github.com:AnastasiyaVasilevskaya/Kursach.git"
                    },
                    {
                      "k": "stargazers",
                      "v": 0.0
                    },
                    {
                      "k": "stargazers_count",
                      "v": 0.0
                    },
                    {
                      "k": "stargazers_url",
                      "v": "https://api.github.com/repos/AnastasiyaVasilevskaya/Kursach/stargazers"
                    },
                    {
                      "k": "statuses_url",
                      "v": "https://api.github.com/repos/AnastasiyaVasilevskaya/Kursach/statuses/{sha}"
                    },
                    {
                      "k": "subscribers_url",
                      "v": "https://api.github.com/repos/AnastasiyaVasilevskaya/Kursach/subscribers"
                    },
                    {
                      "k": "subscription_url",
                      "v": "https://api.github.com/repos/AnastasiyaVasilevskaya/Kursach/subscription"
                    },
                    {
                      "k": "svn_url",
                      "v": "https://github.com/AnastasiyaVasilevskaya/Kursach"
                    },
                    {
                      "k": "tags_url",
                      "v": "https://api.github.com/repos/AnastasiyaVasilevskaya/Kursach/tags"
                    },
                    {
                      "k": "teams_url",
                      "v": "https://api.github.com/repos/AnastasiyaVasilevskaya/Kursach/teams"
                    },
                    {
                      "k": "topics",
                      "v": {
                        "t": 1
                      }
                    },
                    {
                      "k": "trees_url",
                      "v": "https://api.github.com/repos/AnastasiyaVasilevskaya/Kursach/git/trees{/sha}"
                    },
                    {
                      "k": "updated_at",
                      "v": "2024-02-20T20:04:39Z"
                    },
                    {
                      "k": "url",
                      "v": "https://github.com/AnastasiyaVasilevskaya/Kursach"
                    },
                    {
                      "k": "visibility",
                      "v": "public"
                    },
                    {
                      "k": "watchers",
                      "v": 0.0
                    },
                    {
                      "k": "watchers_count",
                      "v": 0.0
                    },
                    {
                      "k": "web_commit_signoff_required",
                      "v": false
                    }
                  ]
                }
              },
              {
                "k": "sender",
                "v": {
                  "t": 2,
                  "d": [
                    {
                      "k": "avatar_url",
                      "v": "https://avatars.githubusercontent.com/u/94404108?v=4"
                    },
                    {
                      "k": "events_url",
                      "v": "https://api.github.com/users/AnastasiyaVasilevskaya/events{/privacy}"
                    },
                    {
                      "k": "followers_url",
                      "v": "https://api.github.com/users/AnastasiyaVasilevskaya/followers"
                    },
                    {
                      "k": "following_url",
                      "v": "https://api.github.com/users/AnastasiyaVasilevskaya/following{/other_user}"
                    },
                    {
                      "k": "gists_url",
                      "v": "https://api.github.com/users/AnastasiyaVasilevskaya/gists{/gist_id}"
                    },
                    {
                      "k": "gravatar_id",
                      "v": ""
                    },
                    {
                      "k": "html_url",
                      "v": "https://github.com/AnastasiyaVasilevskaya"
                    },
                    {
                      "k": "id",
                      "v": 94404108.0
                    },
                    {
                      "k": "login",
                      "v": "AnastasiyaVasilevskaya"
                    },
                    {
                      "k": "node_id",
                      "v": "U_kgDOBaB-DA"
                    },
                    {
                      "k": "organizations_url",
                      "v": "https://api.github.com/users/AnastasiyaVasilevskaya/orgs"
                    },
                    {
                      "k": "received_events_url",
                      "v": "https://api.github.com/users/AnastasiyaVasilevskaya/received_events"
                    },
                    {
                      "k": "repos_url",
                      "v": "https://api.github.com/users/AnastasiyaVasilevskaya/repos"
                    },
                    {
                      "k": "site_admin",
                      "v": false
                    },
                    {
                      "k": "starred_url",
                      "v": "https://api.github.com/users/AnastasiyaVasilevskaya/starred{/owner}{/repo}"
                    },
                    {
                      "k": "subscriptions_url",
                      "v": "https://api.github.com/users/AnastasiyaVasilevskaya/subscriptions"
                    },
                    {
                      "k": "type",
                      "v": "User"
                    },
                    {
                      "k": "url",
                      "v": "https://api.github.com/users/AnastasiyaVasilevskaya"
                    }
                  ]
                }
              }
            ]
          }
        },
        {
          "k": "server_url",
          "v": "https://github.com"
        },
        {
          "k": "api_url",
          "v": "https://api.github.com"
        },
        {
          "k": "graphql_url",
          "v": "https://api.github.com/graphql"
        },
        {
          "k": "ref_name",
          "v": "main"
        },
        {
          "k": "ref_protected",
          "v": false
        },
        {
          "k": "ref_type",
          "v": "branch"
        },
        {
          "k": "secret_source",
          "v": "Actions"
        },
        {
          "k": "workflow_ref",
          "v": "AnastasiyaVasilevskaya/Kursach/.github/workflows/cicd.yaml@refs/heads/main"
        },
        {
          "k": "workflow_sha",
          "v": "df1a9480695bf94f24d0c642c7dd1a4fb4a4a66f"
        }
      ]
    },
    "run-feature-flags": {
      "t": 2,
      "d": [
        {
          "k": "actions_stream_logs_via_results_service",
          "v": true
        },
        {
          "k": "actions_use_results_service",
          "v": true
        }
      ]
    },
    "partialrerun": false,
    "needs": {
      "t": 2
    },
    "vars": null,
    "inputs": {
      "t": 2
    },
    "matrix": null,
    "strategy": {
      "t": 2,
      "d": [
        {
          "k": "fail-fast",
          "v": true
        },
        {
          "k": "job-index",
          "v": 0.0
        },
        {
          "k": "job-total",
          "v": 1.0
        },
        {
          "k": "max-parallel",
          "v": 1.0
        }
      ]
    },
    "EndpointsOverride": null
  }
}
[2024-03-20 19:22:21Z INFO JobRunner] Job ID ca395085-040a-526b-2ce8-bdc85f692774
[2024-03-20 19:22:21Z INFO JobRunner] Creating job server with URL: https://pipelinesghubeus13.actions.githubusercontent.com/hFvxcCW0rNIjOPb7J2x5FG3dgKm4xHk1lEk9Fl5bBnYehGfMqp/
[2024-03-20 19:22:21Z INFO ConfigurationStore] currentAssemblyLocation: D:\Учёба\kursach\Dev-course\python\actions-runner\bin\Runner.Worker.dll
[2024-03-20 19:22:21Z INFO HostContext] Well known directory 'Bin': 'D:\Учёба\kursach\Dev-course\python\actions-runner\bin'
[2024-03-20 19:22:21Z INFO ConfigurationStore] binPath: D:\Учёба\kursach\Dev-course\python\actions-runner\bin
[2024-03-20 19:22:21Z INFO HostContext] Well known directory 'Bin': 'D:\Учёба\kursach\Dev-course\python\actions-runner\bin'
[2024-03-20 19:22:21Z INFO HostContext] Well known directory 'Root': 'D:\Учёба\kursach\Dev-course\python\actions-runner'
[2024-03-20 19:22:21Z INFO ConfigurationStore] RootFolder: D:\Учёба\kursach\Dev-course\python\actions-runner
[2024-03-20 19:22:21Z INFO HostContext] Well known directory 'Bin': 'D:\Учёба\kursach\Dev-course\python\actions-runner\bin'
[2024-03-20 19:22:21Z INFO HostContext] Well known directory 'Root': 'D:\Учёба\kursach\Dev-course\python\actions-runner'
[2024-03-20 19:22:21Z INFO HostContext] Well known config file 'Runner': 'D:\Учёба\kursach\Dev-course\python\actions-runner\.runner'
[2024-03-20 19:22:21Z INFO ConfigurationStore] ConfigFilePath: D:\Учёба\kursach\Dev-course\python\actions-runner\.runner
[2024-03-20 19:22:21Z INFO HostContext] Well known directory 'Bin': 'D:\Учёба\kursach\Dev-course\python\actions-runner\bin'
[2024-03-20 19:22:21Z INFO HostContext] Well known directory 'Root': 'D:\Учёба\kursach\Dev-course\python\actions-runner'
[2024-03-20 19:22:21Z INFO HostContext] Well known config file 'Credentials': 'D:\Учёба\kursach\Dev-course\python\actions-runner\.credentials'
[2024-03-20 19:22:21Z INFO ConfigurationStore] CredFilePath: D:\Учёба\kursach\Dev-course\python\actions-runner\.credentials
[2024-03-20 19:22:21Z INFO HostContext] Well known directory 'Bin': 'D:\Учёба\kursach\Dev-course\python\actions-runner\bin'
[2024-03-20 19:22:21Z INFO HostContext] Well known directory 'Root': 'D:\Учёба\kursach\Dev-course\python\actions-runner'
[2024-03-20 19:22:21Z INFO HostContext] Well known config file 'MigratedCredentials': 'D:\Учёба\kursach\Dev-course\python\actions-runner\.credentials_migrated'
[2024-03-20 19:22:21Z INFO ConfigurationStore] MigratedCredFilePath: D:\Учёба\kursach\Dev-course\python\actions-runner\.credentials_migrated
[2024-03-20 19:22:21Z INFO HostContext] Well known directory 'Bin': 'D:\Учёба\kursach\Dev-course\python\actions-runner\bin'
[2024-03-20 19:22:21Z INFO HostContext] Well known directory 'Root': 'D:\Учёба\kursach\Dev-course\python\actions-runner'
[2024-03-20 19:22:21Z INFO HostContext] Well known config file 'Service': 'D:\Учёба\kursach\Dev-course\python\actions-runner\.service'
[2024-03-20 19:22:21Z INFO ConfigurationStore] ServiceConfigFilePath: D:\Учёба\kursach\Dev-course\python\actions-runner\.service
[2024-03-20 19:22:21Z INFO ConfigurationStore] Read setting file: 315 chars
[2024-03-20 19:22:21Z INFO GitHubActionsService] Starting operation Location.GetConnectionData
[2024-03-20 19:22:22Z INFO Worker] Listening for cancel message from the channel.
[2024-03-20 19:22:22Z INFO Worker] Waiting for the job to complete or for a cancel message from the channel.
[2024-03-20 19:22:22Z INFO GitHubActionsService] Finished operation Location.GetConnectionData
[2024-03-20 19:22:22Z INFO JobServer] Creating websocket client ...wss://results-receiver.actions.githubusercontent.com/_ws/ingest.sock
[2024-03-20 19:22:23Z INFO JobServer] Attempting to start websocket client with delay 00:00:00.
[2024-03-20 19:22:23Z INFO JobServerQueue] Initializing results client
[2024-03-20 19:22:23Z INFO JobServerQueue] Start process web console line queue.
[2024-03-20 19:22:23Z INFO JobServerQueue] Start process file upload queue.
[2024-03-20 19:22:23Z INFO JobServerQueue] Start results file upload queue.
[2024-03-20 19:22:23Z INFO JobServerQueue] Starting results-based upload queue...
[2024-03-20 19:22:23Z INFO JobServerQueue] Start process timeline update queue.
[2024-03-20 19:22:23Z INFO ExecutionContext] Initialize GitHub context
[2024-03-20 19:22:23Z INFO ExecutionContext] Initialize Env context
[2024-03-20 19:22:23Z INFO HostContext] Well known directory 'Bin': 'D:\Учёба\kursach\Dev-course\python\actions-runner\bin'
[2024-03-20 19:22:23Z INFO HostContext] Well known directory 'Root': 'D:\Учёба\kursach\Dev-course\python\actions-runner'
[2024-03-20 19:22:23Z INFO HostContext] Well known directory 'Diag': 'D:\Учёба\kursach\Dev-course\python\actions-runner\_diag'
[2024-03-20 19:22:23Z INFO HostContext] Well known directory 'Bin': 'D:\Учёба\kursach\Dev-course\python\actions-runner\bin'
[2024-03-20 19:22:23Z INFO HostContext] Well known directory 'Root': 'D:\Учёба\kursach\Dev-course\python\actions-runner'
[2024-03-20 19:22:23Z INFO HostContext] Well known directory 'Diag': 'D:\Учёба\kursach\Dev-course\python\actions-runner\_diag'
[2024-03-20 19:22:23Z INFO JobRunner] Starting the job execution context.
[2024-03-20 19:22:23Z INFO HostContext] Well known directory 'Bin': 'D:\Учёба\kursach\Dev-course\python\actions-runner\bin'
[2024-03-20 19:22:23Z INFO HostContext] Well known directory 'Root': 'D:\Учёба\kursach\Dev-course\python\actions-runner'
[2024-03-20 19:22:23Z INFO HostContext] Well known directory 'Work': 'D:\Учёба\kursach\Dev-course\python\actions-runner\_work'
[2024-03-20 19:22:23Z INFO JobRunner] Validating directory permissions for: 'D:\Учёба\kursach\Dev-course\python\actions-runner\_work'
[2024-03-20 19:22:23Z INFO HostContext] Well known directory 'Bin': 'D:\Учёба\kursach\Dev-course\python\actions-runner\bin'
[2024-03-20 19:22:23Z INFO HostContext] Well known directory 'Root': 'D:\Учёба\kursach\Dev-course\python\actions-runner'
[2024-03-20 19:22:23Z INFO HostContext] Well known directory 'Work': 'D:\Учёба\kursach\Dev-course\python\actions-runner\_work'
[2024-03-20 19:22:23Z INFO HostContext] Well known directory 'Tools': 'D:\Учёба\kursach\Dev-course\python\actions-runner\_work\_tool'
[2024-03-20 19:22:23Z INFO HostContext] Well known directory 'Bin': 'D:\Учёба\kursach\Dev-course\python\actions-runner\bin'
[2024-03-20 19:22:23Z INFO HostContext] Well known directory 'Root': 'D:\Учёба\kursach\Dev-course\python\actions-runner'
[2024-03-20 19:22:23Z INFO HostContext] Well known directory 'Work': 'D:\Учёба\kursach\Dev-course\python\actions-runner\_work'
[2024-03-20 19:22:23Z INFO HostContext] Well known directory 'Temp': 'D:\Учёба\kursach\Dev-course\python\actions-runner\_work\_temp'
[2024-03-20 19:22:23Z INFO JobRunner] Getting job extension.
[2024-03-20 19:22:23Z INFO JobRunner] Initialize job. Getting all job steps.
[2024-03-20 19:22:23Z INFO HostContext] Well known directory 'Bin': 'D:\Учёба\kursach\Dev-course\python\actions-runner\bin'
[2024-03-20 19:22:23Z INFO HostContext] Well known directory 'Root': 'D:\Учёба\kursach\Dev-course\python\actions-runner'
[2024-03-20 19:22:23Z INFO HostContext] Well known directory 'Diag': 'D:\Учёба\kursach\Dev-course\python\actions-runner\_diag'
[2024-03-20 19:22:23Z INFO HostContext] Well known directory 'Bin': 'D:\Учёба\kursach\Dev-course\python\actions-runner\bin'
[2024-03-20 19:22:23Z INFO HostContext] Well known directory 'Root': 'D:\Учёба\kursach\Dev-course\python\actions-runner'
[2024-03-20 19:22:23Z INFO HostContext] Well known directory 'Diag': 'D:\Учёба\kursach\Dev-course\python\actions-runner\_diag'
[2024-03-20 19:22:23Z INFO HostContext] Well known directory 'Bin': 'D:\Учёба\kursach\Dev-course\python\actions-runner\bin'
[2024-03-20 19:22:23Z INFO HostContext] Well known directory 'Root': 'D:\Учёба\kursach\Dev-course\python\actions-runner'
[2024-03-20 19:22:23Z INFO HostContext] Well known config file 'Credentials': 'D:\Учёба\kursach\Dev-course\python\actions-runner\.credentials'
[2024-03-20 19:22:23Z INFO HostContext] Well known directory 'Bin': 'D:\Учёба\kursach\Dev-course\python\actions-runner\bin'
[2024-03-20 19:22:23Z INFO HostContext] Well known directory 'Root': 'D:\Учёба\kursach\Dev-course\python\actions-runner'
[2024-03-20 19:22:23Z INFO HostContext] Well known config file 'SetupInfo': 'D:\Учёба\kursach\Dev-course\python\actions-runner\.setup_info'
[2024-03-20 19:22:23Z INFO HostContext] Well known directory 'Bin': 'D:\Учёба\kursach\Dev-course\python\actions-runner\bin'
[2024-03-20 19:22:23Z INFO HostContext] Well known directory 'Root': 'D:\Учёба\kursach\Dev-course\python\actions-runner'
[2024-03-20 19:22:23Z INFO HostContext] Well known directory 'Work': 'D:\Учёба\kursach\Dev-course\python\actions-runner\_work'
[2024-03-20 19:22:23Z INFO PipelineDirectoryManager] Loading tracking config if exists: D:\Учёба\kursach\Dev-course\python\actions-runner\_work\_PipelineMapping\AnastasiyaVasilevskaya/Kursach\PipelineFolder.json
[2024-03-20 19:22:23Z INFO PipelineDirectoryManager] Creating a new tracking config file.
[2024-03-20 19:22:23Z INFO HostContext] Well known directory 'Bin': 'D:\Учёба\kursach\Dev-course\python\actions-runner\bin'
[2024-03-20 19:22:23Z INFO HostContext] Well known directory 'Root': 'D:\Учёба\kursach\Dev-course\python\actions-runner'
[2024-03-20 19:22:23Z INFO HostContext] Well known directory 'Work': 'D:\Учёба\kursach\Dev-course\python\actions-runner\_work'
[2024-03-20 19:22:23Z INFO PipelineDirectoryManager] Creating pipeline directory.
[2024-03-20 19:22:23Z INFO HostContext] Well known directory 'Bin': 'D:\Учёба\kursach\Dev-course\python\actions-runner\bin'
[2024-03-20 19:22:23Z INFO HostContext] Well known directory 'Root': 'D:\Учёба\kursach\Dev-course\python\actions-runner'
[2024-03-20 19:22:23Z INFO HostContext] Well known directory 'Work': 'D:\Учёба\kursach\Dev-course\python\actions-runner\_work'
[2024-03-20 19:22:23Z INFO PipelineDirectoryManager] Creating workspace directory.
[2024-03-20 19:22:23Z INFO HostContext] Well known directory 'Bin': 'D:\Учёба\kursach\Dev-course\python\actions-runner\bin'
[2024-03-20 19:22:23Z INFO HostContext] Well known directory 'Root': 'D:\Учёба\kursach\Dev-course\python\actions-runner'
[2024-03-20 19:22:23Z INFO HostContext] Well known directory 'Work': 'D:\Учёба\kursach\Dev-course\python\actions-runner\_work'
[2024-03-20 19:22:23Z INFO JobServer] Successfully started websocket client.
[2024-03-20 19:22:23Z INFO HostContext] Well known directory 'Bin': 'D:\Учёба\kursach\Dev-course\python\actions-runner\bin'
[2024-03-20 19:22:23Z INFO HostContext] Well known directory 'Root': 'D:\Учёба\kursach\Dev-course\python\actions-runner'
[2024-03-20 19:22:23Z INFO HostContext] Well known directory 'Work': 'D:\Учёба\kursach\Dev-course\python\actions-runner\_work'
[2024-03-20 19:22:23Z INFO HostContext] Well known directory 'Bin': 'D:\Учёба\kursach\Dev-course\python\actions-runner\bin'
[2024-03-20 19:22:23Z INFO HostContext] Well known directory 'Root': 'D:\Учёба\kursach\Dev-course\python\actions-runner'
[2024-03-20 19:22:23Z INFO HostContext] Well known directory 'Work': 'D:\Учёба\kursach\Dev-course\python\actions-runner\_work'
[2024-03-20 19:22:23Z INFO HostContext] Well known directory 'Tools': 'D:\Учёба\kursach\Dev-course\python\actions-runner\_work\_tool'
[2024-03-20 19:22:23Z INFO HostContext] Well known directory 'Bin': 'D:\Учёба\kursach\Dev-course\python\actions-runner\bin'
[2024-03-20 19:22:23Z INFO HostContext] Well known directory 'Root': 'D:\Учёба\kursach\Dev-course\python\actions-runner'
[2024-03-20 19:22:23Z INFO HostContext] Well known directory 'Externals': 'D:\Учёба\kursach\Dev-course\python\actions-runner\externals'
[2024-03-20 19:22:23Z INFO JobExtension] Downloading actions
[2024-03-20 19:22:23Z INFO JobServerQueue] Try to append 1 batches web console lines for record '61d3046d-7e22-4b18-8fb5-53ad8a2c2dbe', success rate: 1/1.
[2024-03-20 19:22:23Z INFO HostContext] Well known directory 'Bin': 'D:\Учёба\kursach\Dev-course\python\actions-runner\bin'
[2024-03-20 19:22:23Z INFO HostContext] Well known directory 'Root': 'D:\Учёба\kursach\Dev-course\python\actions-runner'
[2024-03-20 19:22:23Z INFO HostContext] Well known directory 'Work': 'D:\Учёба\kursach\Dev-course\python\actions-runner\_work'
[2024-03-20 19:22:23Z INFO HostContext] Well known directory 'Actions': 'D:\Учёба\kursach\Dev-course\python\actions-runner\_work\_actions'
[2024-03-20 19:22:23Z INFO JobServerQueue] Try to append 1 batches web console lines for record '61d3046d-7e22-4b18-8fb5-53ad8a2c2dbe', success rate: 1/1.
[2024-03-20 19:22:24Z INFO HostContext] Well known directory 'Bin': 'D:\Учёба\kursach\Dev-course\python\actions-runner\bin'
[2024-03-20 19:22:24Z INFO HostContext] Well known directory 'Root': 'D:\Учёба\kursach\Dev-course\python\actions-runner'
[2024-03-20 19:22:24Z INFO HostContext] Well known directory 'Work': 'D:\Учёба\kursach\Dev-course\python\actions-runner\_work'
[2024-03-20 19:22:24Z INFO HostContext] Well known directory 'Actions': 'D:\Учёба\kursach\Dev-course\python\actions-runner\_work\_actions'
[2024-03-20 19:22:24Z INFO HostContext] Well known directory 'Bin': 'D:\Учёба\kursach\Dev-course\python\actions-runner\bin'
[2024-03-20 19:22:24Z INFO HostContext] Well known directory 'Root': 'D:\Учёба\kursach\Dev-course\python\actions-runner'
[2024-03-20 19:22:24Z INFO HostContext] Well known directory 'Work': 'D:\Учёба\kursach\Dev-course\python\actions-runner\_work'
[2024-03-20 19:22:24Z INFO HostContext] Well known directory 'Actions': 'D:\Учёба\kursach\Dev-course\python\actions-runner\_work\_actions'
[2024-03-20 19:22:24Z INFO ActionManager] Save archive 'https://api.github.com/repos/actions/checkout/zipball/b4ffde65f46336ab88eb53be808477a3936bae11' into D:\Учёба\kursach\Dev-course\python\actions-runner\_work\_actions\_temp_805ba4fd-108a-4779-8b46-6c1de2f55c17\77bdc334-9cf7-4820-b5dc-134a2a80c3d2.zip.
[2024-03-20 19:22:24Z INFO JobServerQueue] Try to append 1 batches web console lines for record '61d3046d-7e22-4b18-8fb5-53ad8a2c2dbe', success rate: 1/1.
[2024-03-20 19:22:25Z INFO JobServerQueue] Job timeline record has been updated for the first time.
[2024-03-20 19:22:26Z INFO ActionManager] Request URL: https://api.github.com/repos/actions/checkout/zipball/b4ffde65f46336ab88eb53be808477a3936bae11 X-GitHub-Request-Id: E9C8:0E32:14E7A:1A6B1:65FB376F Http Status: OK
[2024-03-20 19:22:27Z INFO ActionManager] Finished getting action repository.
[2024-03-20 19:22:27Z INFO HostContext] Well known directory 'Bin': 'D:\Учёба\kursach\Dev-course\python\actions-runner\bin'
[2024-03-20 19:22:27Z INFO HostContext] Well known directory 'Root': 'D:\Учёба\kursach\Dev-course\python\actions-runner'
[2024-03-20 19:22:27Z INFO HostContext] Well known directory 'Work': 'D:\Учёба\kursach\Dev-course\python\actions-runner\_work'
[2024-03-20 19:22:27Z INFO HostContext] Well known directory 'Actions': 'D:\Учёба\kursach\Dev-course\python\actions-runner\_work\_actions'
[2024-03-20 19:22:27Z INFO HostContext] Well known directory 'Bin': 'D:\Учёба\kursach\Dev-course\python\actions-runner\bin'
[2024-03-20 19:22:27Z INFO HostContext] Well known directory 'Root': 'D:\Учёба\kursach\Dev-course\python\actions-runner'
[2024-03-20 19:22:27Z INFO HostContext] Well known directory 'Work': 'D:\Учёба\kursach\Dev-course\python\actions-runner\_work'
[2024-03-20 19:22:27Z INFO HostContext] Well known directory 'Actions': 'D:\Учёба\kursach\Dev-course\python\actions-runner\_work\_actions'
[2024-03-20 19:22:27Z INFO ActionManager] Save archive 'https://api.github.com/repos/actions/setup-python/zipball/0a5c61591373683505ea898e09a3ea4f39ef2b9c' into D:\Учёба\kursach\Dev-course\python\actions-runner\_work\_actions\_temp_1ff50c27-df3b-460e-8b4d-a59bbbcd9270\d52b326a-b133-4233-8933-7ac07c6a8b01.zip.
[2024-03-20 19:22:27Z INFO JobServerQueue] Try to append 1 batches web console lines for record '61d3046d-7e22-4b18-8fb5-53ad8a2c2dbe', success rate: 1/1.
[2024-03-20 19:22:34Z INFO ActionManager] Request URL: https://api.github.com/repos/actions/setup-python/zipball/0a5c61591373683505ea898e09a3ea4f39ef2b9c X-GitHub-Request-Id: E9CE:345ED:8363D6:95CD3F:65FB3772 Http Status: OK
[2024-03-20 19:22:35Z INFO ActionManager] Finished getting action repository.
[2024-03-20 19:22:35Z INFO HostContext] Well known directory 'Bin': 'D:\Учёба\kursach\Dev-course\python\actions-runner\bin'
[2024-03-20 19:22:35Z INFO HostContext] Well known directory 'Root': 'D:\Учёба\kursach\Dev-course\python\actions-runner'
[2024-03-20 19:22:35Z INFO HostContext] Well known directory 'Work': 'D:\Учёба\kursach\Dev-course\python\actions-runner\_work'
[2024-03-20 19:22:35Z INFO HostContext] Well known directory 'Actions': 'D:\Учёба\kursach\Dev-course\python\actions-runner\_work\_actions'
[2024-03-20 19:22:35Z INFO ActionManifestManager] Load schema file with definitions: [
  "null",
  "boolean",
  "number",
  "string",
  "sequence",
  "mapping",
  "any",
  "action-root",
  "inputs",
  "input",
  "outputs",
  "output-definition",
  "runs",
  "container-runs",
  "container-runs-args",
  "container-runs-env",
  "node-runs",
  "plugin-runs",
  "composite-runs",
  "composite-steps",
  "composite-step",
  "run-step",
  "uses-step",
  "container-runs-context",
  "output-value",
  "input-default-context",
  "non-empty-string",
  "string-steps-context",
  "boolean-steps-context",
  "step-env",
  "step-if",
  "step-with"
]
[2024-03-20 19:22:35Z INFO HostContext] Well known directory 'Bin': 'D:\Учёба\kursach\Dev-course\python\actions-runner\bin'
[2024-03-20 19:22:35Z INFO HostContext] Well known directory 'Root': 'D:\Учёба\kursach\Dev-course\python\actions-runner'
[2024-03-20 19:22:35Z INFO HostContext] Well known directory 'Work': 'D:\Учёба\kursach\Dev-course\python\actions-runner\_work'
[2024-03-20 19:22:35Z INFO HostContext] Well known directory 'Actions': 'D:\Учёба\kursach\Dev-course\python\actions-runner\_work\_actions'
[2024-03-20 19:22:35Z INFO ActionManifestManager] Loaded action.yml file: {
  "name": "Checkout",
  "description": "Checkout a Git repository at a particular version",
  "inputs": {
    "type": 2,
    "map": [
      {
        "key": {
          "type": 0,
          "file": 2,
          "line": 4,
          "col": 3,
          "lit": "repository"
        },
        "value": {
          "type": 3,
          "file": 2,
          "line": 6,
          "col": 14,
          "expr": "github.repository"
        }
      },
      {
        "key": {
          "type": 0,
          "file": 2,
          "line": 7,
          "col": 3,
          "lit": "ref"
        },
        "value": ""
      },
      {
        "key": {
          "type": 0,
          "file": 2,
          "line": 12,
          "col": 3,
          "lit": "token"
        },
        "value": {
          "type": 3,
          "file": 2,
          "line": 24,
          "col": 14,
          "expr": "github.token"
        }
      },
      {
        "key": {
          "type": 0,
          "file": 2,
          "line": 25,
          "col": 3,
          "lit": "ssh-key"
        },
        "value": ""
      },
      {
        "key": {
          "type": 0,
          "file": 2,
          "line": 37,
          "col": 3,
          "lit": "ssh-known-hosts"
        },
        "value": ""
      },
      {
        "key": {
          "type": 0,
          "file": 2,
          "line": 42,
          "col": 3,
          "lit": "ssh-strict"
        },
        "value": {
          "type": 0,
          "file": 2,
          "line": 47,
          "col": 14,
          "lit": "true"
        }
      },
      {
        "key": {
          "type": 0,
          "file": 2,
          "line": 48,
          "col": 3,
          "lit": "persist-credentials"
        },
        "value": {
          "type": 0,
          "file": 2,
          "line": 50,
          "col": 14,
          "lit": "true"
        }
      },
      {
        "key": {
          "type": 0,
          "file": 2,
          "line": 51,
          "col": 3,
          "lit": "path"
        },
        "value": ""
      },
      {
        "key": {
          "type": 0,
          "file": 2,
          "line": 53,
          "col": 3,
          "lit": "clean"
        },
        "value": {
          "type": 0,
          "file": 2,
          "line": 55,
          "col": 14,
          "lit": "true"
        }
      },
      {
        "key": {
          "type": 0,
          "file": 2,
          "line": 56,
          "col": 3,
          "lit": "filter"
        },
        "value": {
          "type": 0,
          "file": 2,
          "line": 60,
          "col": 14,
          "lit": ""
        }
      },
      {
        "key": {
          "type": 0,
          "file": 2,
          "line": 61,
          "col": 3,
          "lit": "sparse-checkout"
        },
        "value": {
          "type": 0,
          "file": 2,
          "line": 65,
          "col": 14,
          "lit": ""
        }
      },
      {
        "key": {
          "type": 0,
          "file": 2,
          "line": 66,
          "col": 3,
          "lit": "sparse-checkout-cone-mode"
        },
        "value": {
          "type": 0,
          "file": 2,
          "line": 69,
          "col": 14,
          "lit": "true"
        }
      },
      {
        "key": {
          "type": 0,
          "file": 2,
          "line": 70,
          "col": 3,
          "lit": "fetch-depth"
        },
        "value": {
          "type": 0,
          "file": 2,
          "line": 72,
          "col": 14,
          "lit": "1"
        }
      },
      {
        "key": {
          "type": 0,
          "file": 2,
          "line": 73,
          "col": 3,
          "lit": "fetch-tags"
        },
        "value": {
          "type": 0,
          "file": 2,
          "line": 75,
          "col": 14,
          "lit": "false"
        }
      },
      {
        "key": {
          "type": 0,
          "file": 2,
          "line": 76,
          "col": 3,
          "lit": "show-progress"
        },
        "value": {
          "type": 0,
          "file": 2,
          "line": 78,
          "col": 14,
          "lit": "true"
        }
      },
      {
        "key": {
          "type": 0,
          "file": 2,
          "line": 79,
          "col": 3,
          "lit": "lfs"
        },
        "value": {
          "type": 0,
          "file": 2,
          "line": 81,
          "col": 14,
          "lit": "false"
        }
      },
      {
        "key": {
          "type": 0,
          "file": 2,
          "line": 82,
          "col": 3,
          "lit": "submodules"
        },
        "value": {
          "type": 0,
          "file": 2,
          "line": 90,
          "col": 14,
          "lit": "false"
        }
      },
      {
        "key": {
          "type": 0,
          "file": 2,
          "line": 91,
          "col": 3,
          "lit": "set-safe-directory"
        },
        "value": {
          "type": 0,
          "file": 2,
          "line": 93,
          "col": 14,
          "lit": "true"
        }
      },
      {
        "key": {
          "type": 0,
          "file": 2,
          "line": 94,
          "col": 3,
          "lit": "github-server-url"
        },
        "value": ""
      }
    ]
  },
  "execution": {
    "executionType": "nodeJS",
    "hasPre": false,
    "hasPost": true,
    "script": "dist/index.js",
    "pre": null,
    "post": "dist/index.js",
    "nodeVersion": "node20",
    "cleanupCondition": "always()",
    "initCondition": "always()"
  },
  "deprecated": null
}
[2024-03-20 19:22:35Z INFO ActionManager] Action node.js file: dist/index.js, no more preparation.
[2024-03-20 19:22:35Z INFO HostContext] Well known directory 'Bin': 'D:\Учёба\kursach\Dev-course\python\actions-runner\bin'
[2024-03-20 19:22:35Z INFO HostContext] Well known directory 'Root': 'D:\Учёба\kursach\Dev-course\python\actions-runner'
[2024-03-20 19:22:35Z INFO HostContext] Well known directory 'Work': 'D:\Учёба\kursach\Dev-course\python\actions-runner\_work'
[2024-03-20 19:22:35Z INFO HostContext] Well known directory 'Actions': 'D:\Учёба\kursach\Dev-course\python\actions-runner\_work\_actions'
[2024-03-20 19:22:35Z INFO ActionManager] Load action that reference repository from 'D:\Учёба\kursach\Dev-course\python\actions-runner\_work\_actions\actions\checkout\v4'
[2024-03-20 19:22:35Z INFO HostContext] Well known directory 'Bin': 'D:\Учёба\kursach\Dev-course\python\actions-runner\bin'
[2024-03-20 19:22:35Z INFO HostContext] Well known directory 'Root': 'D:\Учёба\kursach\Dev-course\python\actions-runner'
[2024-03-20 19:22:35Z INFO HostContext] Well known directory 'Work': 'D:\Учёба\kursach\Dev-course\python\actions-runner\_work'
[2024-03-20 19:22:35Z INFO HostContext] Well known directory 'Actions': 'D:\Учёба\kursach\Dev-course\python\actions-runner\_work\_actions'
[2024-03-20 19:22:35Z INFO ActionManifestManager] Loaded action.yml file: {
  "name": "Checkout",
  "description": "Checkout a Git repository at a particular version",
  "inputs": {
    "type": 2,
    "map": [
      {
        "key": {
          "type": 0,
          "file": 2,
          "line": 4,
          "col": 3,
          "lit": "repository"
        },
        "value": {
          "type": 3,
          "file": 2,
          "line": 6,
          "col": 14,
          "expr": "github.repository"
        }
      },
      {
        "key": {
          "type": 0,
          "file": 2,
          "line": 7,
          "col": 3,
          "lit": "ref"
        },
        "value": ""
      },
      {
        "key": {
          "type": 0,
          "file": 2,
          "line": 12,
          "col": 3,
          "lit": "token"
        },
        "value": {
          "type": 3,
          "file": 2,
          "line": 24,
          "col": 14,
          "expr": "github.token"
        }
      },
      {
        "key": {
          "type": 0,
          "file": 2,
          "line": 25,
          "col": 3,
          "lit": "ssh-key"
        },
        "value": ""
      },
      {
        "key": {
          "type": 0,
          "file": 2,
          "line": 37,
          "col": 3,
          "lit": "ssh-known-hosts"
        },
        "value": ""
      },
      {
        "key": {
          "type": 0,
          "file": 2,
          "line": 42,
          "col": 3,
          "lit": "ssh-strict"
        },
        "value": {
          "type": 0,
          "file": 2,
          "line": 47,
          "col": 14,
          "lit": "true"
        }
      },
      {
        "key": {
          "type": 0,
          "file": 2,
          "line": 48,
          "col": 3,
          "lit": "persist-credentials"
        },
        "value": {
          "type": 0,
          "file": 2,
          "line": 50,
          "col": 14,
          "lit": "true"
        }
      },
      {
        "key": {
          "type": 0,
          "file": 2,
          "line": 51,
          "col": 3,
          "lit": "path"
        },
        "value": ""
      },
      {
        "key": {
          "type": 0,
          "file": 2,
          "line": 53,
          "col": 3,
          "lit": "clean"
        },
        "value": {
          "type": 0,
          "file": 2,
          "line": 55,
          "col": 14,
          "lit": "true"
        }
      },
      {
        "key": {
          "type": 0,
          "file": 2,
          "line": 56,
          "col": 3,
          "lit": "filter"
        },
        "value": {
          "type": 0,
          "file": 2,
          "line": 60,
          "col": 14,
          "lit": ""
        }
      },
      {
        "key": {
          "type": 0,
          "file": 2,
          "line": 61,
          "col": 3,
          "lit": "sparse-checkout"
        },
        "value": {
          "type": 0,
          "file": 2,
          "line": 65,
          "col": 14,
          "lit": ""
        }
      },
      {
        "key": {
          "type": 0,
          "file": 2,
          "line": 66,
          "col": 3,
          "lit": "sparse-checkout-cone-mode"
        },
        "value": {
          "type": 0,
          "file": 2,
          "line": 69,
          "col": 14,
          "lit": "true"
        }
      },
      {
        "key": {
          "type": 0,
          "file": 2,
          "line": 70,
          "col": 3,
          "lit": "fetch-depth"
        },
        "value": {
          "type": 0,
          "file": 2,
          "line": 72,
          "col": 14,
          "lit": "1"
        }
      },
      {
        "key": {
          "type": 0,
          "file": 2,
          "line": 73,
          "col": 3,
          "lit": "fetch-tags"
        },
        "value": {
          "type": 0,
          "file": 2,
          "line": 75,
          "col": 14,
          "lit": "false"
        }
      },
      {
        "key": {
          "type": 0,
          "file": 2,
          "line": 76,
          "col": 3,
          "lit": "show-progress"
        },
        "value": {
          "type": 0,
          "file": 2,
          "line": 78,
          "col": 14,
          "lit": "true"
        }
      },
      {
        "key": {
          "type": 0,
          "file": 2,
          "line": 79,
          "col": 3,
          "lit": "lfs"
        },
        "value": {
          "type": 0,
          "file": 2,
          "line": 81,
          "col": 14,
          "lit": "false"
        }
      },
      {
        "key": {
          "type": 0,
          "file": 2,
          "line": 82,
          "col": 3,
          "lit": "submodules"
        },
        "value": {
          "type": 0,
          "file": 2,
          "line": 90,
          "col": 14,
          "lit": "false"
        }
      },
      {
        "key": {
          "type": 0,
          "file": 2,
          "line": 91,
          "col": 3,
          "lit": "set-safe-directory"
        },
        "value": {
          "type": 0,
          "file": 2,
          "line": 93,
          "col": 14,
          "lit": "true"
        }
      },
      {
        "key": {
          "type": 0,
          "file": 2,
          "line": 94,
          "col": 3,
          "lit": "github-server-url"
        },
        "value": ""
      }
    ]
  },
  "execution": {
    "executionType": "nodeJS",
    "hasPre": false,
    "hasPost": true,
    "script": "dist/index.js",
    "pre": null,
    "post": "dist/index.js",
    "nodeVersion": "node20",
    "cleanupCondition": "always()",
    "initCondition": "always()"
  },
  "deprecated": null
}
[2024-03-20 19:22:35Z INFO ActionManager] Action pre node.js file: N/A.
[2024-03-20 19:22:35Z INFO ActionManager] Action node.js file: dist/index.js.
[2024-03-20 19:22:35Z INFO ActionManager] Action post node.js file: dist/index.js.
[2024-03-20 19:22:35Z INFO HostContext] Well known directory 'Bin': 'D:\Учёба\kursach\Dev-course\python\actions-runner\bin'
[2024-03-20 19:22:35Z INFO HostContext] Well known directory 'Root': 'D:\Учёба\kursach\Dev-course\python\actions-runner'
[2024-03-20 19:22:35Z INFO HostContext] Well known directory 'Work': 'D:\Учёба\kursach\Dev-course\python\actions-runner\_work'
[2024-03-20 19:22:35Z INFO HostContext] Well known directory 'Actions': 'D:\Учёба\kursach\Dev-course\python\actions-runner\_work\_actions'
[2024-03-20 19:22:35Z INFO HostContext] Well known directory 'Bin': 'D:\Учёба\kursach\Dev-course\python\actions-runner\bin'
[2024-03-20 19:22:35Z INFO HostContext] Well known directory 'Root': 'D:\Учёба\kursach\Dev-course\python\actions-runner'
[2024-03-20 19:22:35Z INFO HostContext] Well known directory 'Work': 'D:\Учёба\kursach\Dev-course\python\actions-runner\_work'
[2024-03-20 19:22:35Z INFO HostContext] Well known directory 'Actions': 'D:\Учёба\kursach\Dev-course\python\actions-runner\_work\_actions'
[2024-03-20 19:22:35Z INFO ActionManifestManager] Ignore action property author.
[2024-03-20 19:22:35Z INFO ActionManifestManager] Ignore action property branding.
[2024-03-20 19:22:35Z INFO ActionManifestManager] Loaded action.yml file: {
  "name": "Setup Python",
  "description": "Set up a specific version of Python and add the command-line tools to the PATH.",
  "inputs": {
    "type": 2,
    "map": [
      {
        "key": {
          "type": 0,
          "file": 3,
          "line": 6,
          "col": 3,
          "lit": "python-version"
        },
        "value": ""
      },
      {
        "key": {
          "type": 0,
          "file": 3,
          "line": 8,
          "col": 3,
          "lit": "python-version-file"
        },
        "value": ""
      },
      {
        "key": {
          "type": 0,
          "file": 3,
          "line": 10,
          "col": 3,
          "lit": "cache"
        },
        "value": ""
      },
      {
        "key": {
          "type": 0,
          "file": 3,
          "line": 13,
          "col": 3,
          "lit": "architecture"
        },
        "value": ""
      },
      {
        "key": {
          "type": 0,
          "file": 3,
          "line": 15,
          "col": 3,
          "lit": "check-latest"
        },
        "value": {
          "type": 0,
          "file": 3,
          "line": 17,
          "col": 14,
          "lit": "false"
        }
      },
      {
        "key": {
          "type": 0,
          "file": 3,
          "line": 18,
          "col": 3,
          "lit": "token"
        },
        "value": {
          "type": 3,
          "file": 3,
          "line": 20,
          "col": 14,
          "expr": "github.server_url == 'https://github.com' && github.token || ''"
        }
      },
      {
        "key": {
          "type": 0,
          "file": 3,
          "line": 21,
          "col": 3,
          "lit": "cache-dependency-path"
        },
        "value": ""
      },
      {
        "key": {
          "type": 0,
          "file": 3,
          "line": 23,
          "col": 3,
          "lit": "update-environment"
        },
        "value": {
          "type": 0,
          "file": 3,
          "line": 25,
          "col": 14,
          "lit": "true"
        }
      },
      {
        "key": {
          "type": 0,
          "file": 3,
          "line": 26,
          "col": 3,
          "lit": "allow-prereleases"
        },
        "value": {
          "type": 0,
          "file": 3,
          "line": 28,
          "col": 14,
          "lit": "false"
        }
      }
    ]
  },
  "execution": {
    "executionType": "nodeJS",
    "hasPre": false,
    "hasPost": true,
    "script": "dist/setup/index.js",
    "pre": null,
    "post": "dist/cache-save/index.js",
    "nodeVersion": "node20",
    "cleanupCondition": "success()",
    "initCondition": "always()"
  },
  "deprecated": null
}
[2024-03-20 19:22:35Z INFO ActionManager] Action node.js file: dist/setup/index.js, no more preparation.
[2024-03-20 19:22:35Z INFO HostContext] Well known directory 'Bin': 'D:\Учёба\kursach\Dev-course\python\actions-runner\bin'
[2024-03-20 19:22:35Z INFO HostContext] Well known directory 'Root': 'D:\Учёба\kursach\Dev-course\python\actions-runner'
[2024-03-20 19:22:35Z INFO HostContext] Well known directory 'Work': 'D:\Учёба\kursach\Dev-course\python\actions-runner\_work'
[2024-03-20 19:22:35Z INFO HostContext] Well known directory 'Actions': 'D:\Учёба\kursach\Dev-course\python\actions-runner\_work\_actions'
[2024-03-20 19:22:35Z INFO ActionManager] Load action that reference repository from 'D:\Учёба\kursach\Dev-course\python\actions-runner\_work\_actions\actions\setup-python\v5'
[2024-03-20 19:22:35Z INFO HostContext] Well known directory 'Bin': 'D:\Учёба\kursach\Dev-course\python\actions-runner\bin'
[2024-03-20 19:22:35Z INFO HostContext] Well known directory 'Root': 'D:\Учёба\kursach\Dev-course\python\actions-runner'
[2024-03-20 19:22:35Z INFO HostContext] Well known directory 'Work': 'D:\Учёба\kursach\Dev-course\python\actions-runner\_work'
[2024-03-20 19:22:35Z INFO HostContext] Well known directory 'Actions': 'D:\Учёба\kursach\Dev-course\python\actions-runner\_work\_actions'
[2024-03-20 19:22:35Z INFO ActionManifestManager] Ignore action property author.
[2024-03-20 19:22:35Z INFO ActionManifestManager] Ignore action property branding.
[2024-03-20 19:22:35Z INFO ActionManifestManager] Loaded action.yml file: {
  "name": "Setup Python",
  "description": "Set up a specific version of Python and add the command-line tools to the PATH.",
  "inputs": {
    "type": 2,
    "map": [
      {
        "key": {
          "type": 0,
          "file": 3,
          "line": 6,
          "col": 3,
          "lit": "python-version"
        },
        "value": ""
      },
      {
        "key": {
          "type": 0,
          "file": 3,
          "line": 8,
          "col": 3,
          "lit": "python-version-file"
        },
        "value": ""
      },
      {
        "key": {
          "type": 0,
          "file": 3,
          "line": 10,
          "col": 3,
          "lit": "cache"
        },
        "value": ""
      },
      {
        "key": {
          "type": 0,
          "file": 3,
          "line": 13,
          "col": 3,
          "lit": "architecture"
        },
        "value": ""
      },
      {
        "key": {
          "type": 0,
          "file": 3,
          "line": 15,
          "col": 3,
          "lit": "check-latest"
        },
        "value": {
          "type": 0,
          "file": 3,
          "line": 17,
          "col": 14,
          "lit": "false"
        }
      },
      {
        "key": {
          "type": 0,
          "file": 3,
          "line": 18,
          "col": 3,
          "lit": "token"
        },
        "value": {
          "type": 3,
          "file": 3,
          "line": 20,
          "col": 14,
          "expr": "github.server_url == 'https://github.com' && github.token || ''"
        }
      },
      {
        "key": {
          "type": 0,
          "file": 3,
          "line": 21,
          "col": 3,
          "lit": "cache-dependency-path"
        },
        "value": ""
      },
      {
        "key": {
          "type": 0,
          "file": 3,
          "line": 23,
          "col": 3,
          "lit": "update-environment"
        },
        "value": {
          "type": 0,
          "file": 3,
          "line": 25,
          "col": 14,
          "lit": "true"
        }
      },
      {
        "key": {
          "type": 0,
          "file": 3,
          "line": 26,
          "col": 3,
          "lit": "allow-prereleases"
        },
        "value": {
          "type": 0,
          "file": 3,
          "line": 28,
          "col": 14,
          "lit": "false"
        }
      }
    ]
  },
  "execution": {
    "executionType": "nodeJS",
    "hasPre": false,
    "hasPost": true,
    "script": "dist/setup/index.js",
    "pre": null,
    "post": "dist/cache-save/index.js",
    "nodeVersion": "node20",
    "cleanupCondition": "success()",
    "initCondition": "always()"
  },
  "deprecated": null
}
[2024-03-20 19:22:35Z INFO ActionManager] Action pre node.js file: N/A.
[2024-03-20 19:22:35Z INFO ActionManager] Action node.js file: dist/setup/index.js.
[2024-03-20 19:22:35Z INFO ActionManager] Action post node.js file: dist/cache-save/index.js.
[2024-03-20 19:22:35Z INFO DockerCommandManager] Which: 'docker'
[2024-03-20 19:22:35Z INFO DockerCommandManager] Location: 'C:\Program Files\Docker\Docker\resources\bin\docker.EXE'
[2024-03-20 19:22:35Z INFO HostContext] Well known directory 'Bin': 'D:\Учёба\kursach\Dev-course\python\actions-runner\bin'
[2024-03-20 19:22:35Z INFO HostContext] Well known directory 'Root': 'D:\Учёба\kursach\Dev-course\python\actions-runner'
[2024-03-20 19:22:35Z INFO JobExtension] Adding .
[2024-03-20 19:22:35Z INFO JobExtension] Adding .
[2024-03-20 19:22:35Z INFO JobExtension] Adding .
[2024-03-20 19:22:35Z INFO JobExtension] Adding .
[2024-03-20 19:22:35Z INFO HostContext] Well known directory 'Bin': 'D:\Учёба\kursach\Dev-course\python\actions-runner\bin'
[2024-03-20 19:22:35Z INFO HostContext] Well known directory 'Root': 'D:\Учёба\kursach\Dev-course\python\actions-runner'
[2024-03-20 19:22:35Z INFO HostContext] Well known directory 'Diag': 'D:\Учёба\kursach\Dev-course\python\actions-runner\_diag'
[2024-03-20 19:22:35Z INFO HostContext] Well known directory 'Bin': 'D:\Учёба\kursach\Dev-course\python\actions-runner\bin'
[2024-03-20 19:22:35Z INFO HostContext] Well known directory 'Root': 'D:\Учёба\kursach\Dev-course\python\actions-runner'
[2024-03-20 19:22:35Z INFO HostContext] Well known directory 'Diag': 'D:\Учёба\kursach\Dev-course\python\actions-runner\_diag'
[2024-03-20 19:22:35Z INFO HostContext] Well known directory 'Bin': 'D:\Учёба\kursach\Dev-course\python\actions-runner\bin'
[2024-03-20 19:22:35Z INFO HostContext] Well known directory 'Root': 'D:\Учёба\kursach\Dev-course\python\actions-runner'
[2024-03-20 19:22:35Z INFO HostContext] Well known directory 'Diag': 'D:\Учёба\kursach\Dev-course\python\actions-runner\_diag'
[2024-03-20 19:22:35Z INFO HostContext] Well known directory 'Bin': 'D:\Учёба\kursach\Dev-course\python\actions-runner\bin'
[2024-03-20 19:22:35Z INFO HostContext] Well known directory 'Root': 'D:\Учёба\kursach\Dev-course\python\actions-runner'
[2024-03-20 19:22:35Z INFO HostContext] Well known directory 'Diag': 'D:\Учёба\kursach\Dev-course\python\actions-runner\_diag'
[2024-03-20 19:22:35Z INFO HostContext] Well known directory 'Bin': 'D:\Учёба\kursach\Dev-course\python\actions-runner\bin'
[2024-03-20 19:22:35Z INFO HostContext] Well known directory 'Root': 'D:\Учёба\kursach\Dev-course\python\actions-runner'
[2024-03-20 19:22:35Z INFO HostContext] Well known directory 'Diag': 'D:\Учёба\kursach\Dev-course\python\actions-runner\_diag'
[2024-03-20 19:22:35Z INFO HostContext] Well known directory 'Bin': 'D:\Учёба\kursach\Dev-course\python\actions-runner\bin'
[2024-03-20 19:22:35Z INFO HostContext] Well known directory 'Root': 'D:\Учёба\kursach\Dev-course\python\actions-runner'
[2024-03-20 19:22:35Z INFO HostContext] Well known directory 'Diag': 'D:\Учёба\kursach\Dev-course\python\actions-runner\_diag'
[2024-03-20 19:22:35Z INFO HostContext] Well known directory 'Bin': 'D:\Учёба\kursach\Dev-course\python\actions-runner\bin'
[2024-03-20 19:22:35Z INFO HostContext] Well known directory 'Root': 'D:\Учёба\kursach\Dev-course\python\actions-runner'
[2024-03-20 19:22:35Z INFO HostContext] Well known directory 'Diag': 'D:\Учёба\kursach\Dev-course\python\actions-runner\_diag'
[2024-03-20 19:22:35Z INFO HostContext] Well known directory 'Bin': 'D:\Учёба\kursach\Dev-course\python\actions-runner\bin'
[2024-03-20 19:22:35Z INFO HostContext] Well known directory 'Root': 'D:\Учёба\kursach\Dev-course\python\actions-runner'
[2024-03-20 19:22:35Z INFO HostContext] Well known directory 'Diag': 'D:\Учёба\kursach\Dev-course\python\actions-runner\_diag'
[2024-03-20 19:22:35Z INFO HostContext] Well known directory 'Bin': 'D:\Учёба\kursach\Dev-course\python\actions-runner\bin'
[2024-03-20 19:22:35Z INFO HostContext] Well known directory 'Root': 'D:\Учёба\kursach\Dev-course\python\actions-runner'
[2024-03-20 19:22:35Z INFO HostContext] Well known directory 'Diag': 'D:\Учёба\kursach\Dev-course\python\actions-runner\_diag'
[2024-03-20 19:22:35Z INFO HostContext] Well known directory 'Bin': 'D:\Учёба\kursach\Dev-course\python\actions-runner\bin'
[2024-03-20 19:22:35Z INFO HostContext] Well known directory 'Root': 'D:\Учёба\kursach\Dev-course\python\actions-runner'
[2024-03-20 19:22:35Z INFO HostContext] Well known directory 'Diag': 'D:\Учёба\kursach\Dev-course\python\actions-runner\_diag'
[2024-03-20 19:22:35Z INFO JobExtension] Total accessible running process: 263.
[2024-03-20 19:22:35Z INFO JobServerQueue] Try to append 1 batches web console lines for record '61d3046d-7e22-4b18-8fb5-53ad8a2c2dbe', success rate: 1/1.
[2024-03-20 19:22:35Z INFO HostContext] Well known directory 'Bin': 'D:\Учёба\kursach\Dev-course\python\actions-runner\bin'
[2024-03-20 19:22:35Z INFO HostContext] Well known directory 'Root': 'D:\Учёба\kursach\Dev-course\python\actions-runner'
[2024-03-20 19:22:35Z INFO HostContext] Well known directory 'Work': 'D:\Учёба\kursach\Dev-course\python\actions-runner\_work'
[2024-03-20 19:22:35Z INFO JobExtension] Start checking server connectivity.
[2024-03-20 19:22:35Z INFO JobExtension] Check server connectivity for https://acghubeus0.actions.githubusercontent.com/_apis/health.
[2024-03-20 19:22:35Z INFO JobExtension] Check server connectivity for https://results-receiver.actions.githubusercontent.com/health.
[2024-03-20 19:22:35Z INFO JobExtension] Check server connectivity for https://actions-results-receiver-production.githubapp.com/health.
[2024-03-20 19:22:35Z INFO JobExtension] Check server connectivity for https://pipelinesghubeus13.actions.githubusercontent.com/_apis/health.
[2024-03-20 19:22:35Z INFO ExecutionContext] Publish step telemetry for current step {
  "action": "setup_job",
  "type": "runner",
  "stage": "Pre",
  "stepId": "61d3046d-7e22-4b18-8fb5-53ad8a2c2dbe",
  "result": "succeeded",
  "errorMessages": [],
  "executionTimeInSeconds": 13,
  "startTime": "2024-03-20T19:22:23.4109872Z",
  "finishTime": "2024-03-20T19:22:35.6699652Z"
}.
[2024-03-20 19:22:35Z INFO JobRunner] Total job steps: 5.
[2024-03-20 19:22:35Z INFO JobRunner] Run all job steps.
[2024-03-20 19:22:35Z INFO StepsRunner] Processing step: DisplayName='Initialize containers'
[2024-03-20 19:22:35Z INFO StepsRunner] Evaluating: success()
[2024-03-20 19:22:35Z INFO StepsRunner] Result: true
[2024-03-20 19:22:35Z INFO StepsRunner] Starting the step.
[2024-03-20 19:22:35Z INFO HostContext] Well known directory 'Bin': 'D:\Учёба\kursach\Dev-course\python\actions-runner\bin'
[2024-03-20 19:22:35Z INFO HostContext] Well known directory 'Root': 'D:\Учёба\kursach\Dev-course\python\actions-runner'
[2024-03-20 19:22:35Z INFO HostContext] Well known directory 'Work': 'D:\Учёба\kursach\Dev-course\python\actions-runner\_work'
[2024-03-20 19:22:35Z INFO StepsRunner] Which: 'chcp'
[2024-03-20 19:22:35Z INFO StepsRunner] Location: 'C:\Windows\system32\chcp.COM'
[2024-03-20 19:22:35Z INFO ProcessInvokerWrapper] Starting process:
[2024-03-20 19:22:35Z INFO ProcessInvokerWrapper]   File name: 'C:\Windows\system32\chcp.COM'
[2024-03-20 19:22:35Z INFO ProcessInvokerWrapper]   Arguments: '65001'
[2024-03-20 19:22:35Z INFO ProcessInvokerWrapper]   Working directory: 'D:\Учёба\kursach\Dev-course\python\actions-runner\_work'
[2024-03-20 19:22:35Z INFO ProcessInvokerWrapper]   Require exit code zero: 'False'
[2024-03-20 19:22:35Z INFO ProcessInvokerWrapper]   Encoding web name:  ; code page: ''
[2024-03-20 19:22:35Z INFO ProcessInvokerWrapper]   Force kill process on cancellation: 'False'
[2024-03-20 19:22:35Z INFO ProcessInvokerWrapper]   Redirected STDIN: 'False'
[2024-03-20 19:22:35Z INFO ProcessInvokerWrapper]   Persist current code page: 'True'
[2024-03-20 19:22:35Z INFO ProcessInvokerWrapper]   Keep redirected STDIN open: 'False'
[2024-03-20 19:22:35Z INFO ProcessInvokerWrapper]   High priority process: 'False'
[2024-03-20 19:22:35Z INFO ProcessInvokerWrapper] Process started with process id 15564, waiting for process exit.
[2024-03-20 19:22:35Z INFO ProcessInvokerWrapper] STDOUT/STDERR stream read finished.
[2024-03-20 19:22:35Z INFO ProcessInvokerWrapper] STDOUT/STDERR stream read finished.
[2024-03-20 19:22:35Z INFO ProcessInvokerWrapper] Finished process 15564 with exit code 0, and elapsed time 00:00:00.0459140.
[2024-03-20 19:22:35Z INFO StepsRunner] Successfully returned to code page 65001 (UTF8)
[2024-03-20 19:22:35Z ERR  StepsRunner] Caught exception from step: System.NotSupportedException: Container operations are only supported on Linux runners
   at GitHub.Runner.Worker.ContainerOperationProvider.StartContainersAsync(IExecutionContext executionContext, Object data)
   at GitHub.Runner.Worker.JobExtensionRunner.RunAsync()
   at GitHub.Runner.Worker.StepsRunner.RunStepAsync(IStep step, CancellationToken jobCancellationToken)
[2024-03-20 19:22:35Z INFO StepsRunner] Step result: Failed
[2024-03-20 19:22:35Z INFO ExecutionContext] Publish step telemetry for current step {
  "action": "initialize_containers",
  "type": "runner",
  "stage": "Pre",
  "stepId": "2b39d87c-6006-4d27-8823-9a318935fc07",
  "stepContextName": "2b39d87c60064d2788239a318935fc07",
  "result": "failed",
  "errorMessages": [
    "Container operations are only supported on Linux runners"
  ],
  "executionTimeInSeconds": 1,
  "startTime": "2024-03-20T19:22:35.708991Z",
  "finishTime": "2024-03-20T19:22:35.8860439Z"
}.
[2024-03-20 19:22:35Z INFO StepsRunner] Update job result with current step result 'Failed'.
[2024-03-20 19:22:35Z INFO StepsRunner] Current state: job state = 'Failed'
[2024-03-20 19:22:35Z INFO StepsRunner] Processing step: DisplayName='Checkout repository'
[2024-03-20 19:22:35Z INFO StepsRunner] Evaluating: success()
[2024-03-20 19:22:35Z INFO StepsRunner] Result: false
[2024-03-20 19:22:35Z INFO StepsRunner] Skipping step due to condition evaluation.
[2024-03-20 19:22:35Z INFO StepsRunner] No need for updating job result with current step result 'Skipped'.
[2024-03-20 19:22:35Z INFO StepsRunner] Current state: job state = 'Failed'
[2024-03-20 19:22:35Z INFO StepsRunner] Processing step: DisplayName='Set up Python'
[2024-03-20 19:22:35Z INFO StepsRunner] Evaluating: success()
[2024-03-20 19:22:35Z INFO StepsRunner] Result: false
[2024-03-20 19:22:35Z INFO StepsRunner] Skipping step due to condition evaluation.
[2024-03-20 19:22:35Z INFO StepsRunner] No need for updating job result with current step result 'Skipped'.
[2024-03-20 19:22:35Z INFO StepsRunner] Current state: job state = 'Failed'
[2024-03-20 19:22:35Z INFO StepsRunner] Processing step: DisplayName='Install dependencies'
[2024-03-20 19:22:35Z INFO StepsRunner] Evaluating: success()
[2024-03-20 19:22:35Z INFO StepsRunner] Result: false
[2024-03-20 19:22:35Z INFO StepsRunner] Skipping step due to condition evaluation.
[2024-03-20 19:22:35Z INFO StepsRunner] No need for updating job result with current step result 'Skipped'.
[2024-03-20 19:22:35Z INFO StepsRunner] Current state: job state = 'Failed'
[2024-03-20 19:22:35Z INFO StepsRunner] Processing step: DisplayName='Run tests'
[2024-03-20 19:22:35Z INFO StepsRunner] Evaluating: success()
[2024-03-20 19:22:35Z INFO StepsRunner] Result: false
[2024-03-20 19:22:35Z INFO StepsRunner] Skipping step due to condition evaluation.
[2024-03-20 19:22:35Z INFO StepsRunner] No need for updating job result with current step result 'Skipped'.
[2024-03-20 19:22:35Z INFO StepsRunner] Current state: job state = 'Failed'
[2024-03-20 19:22:35Z INFO JobRunner] Finalize job.
[2024-03-20 19:22:35Z INFO JobServerQueue] Try to append 1 batches web console lines for record '2b39d87c-6006-4d27-8823-9a318935fc07', success rate: 1/1.
[2024-03-20 19:22:35Z INFO HostContext] Well known directory 'Bin': 'D:\Учёба\kursach\Dev-course\python\actions-runner\bin'
[2024-03-20 19:22:35Z INFO HostContext] Well known directory 'Root': 'D:\Учёба\kursach\Dev-course\python\actions-runner'
[2024-03-20 19:22:35Z INFO HostContext] Well known directory 'Diag': 'D:\Учёба\kursach\Dev-course\python\actions-runner\_diag'
[2024-03-20 19:22:35Z INFO HostContext] Well known directory 'Bin': 'D:\Учёба\kursach\Dev-course\python\actions-runner\bin'
[2024-03-20 19:22:35Z INFO HostContext] Well known directory 'Root': 'D:\Учёба\kursach\Dev-course\python\actions-runner'
[2024-03-20 19:22:35Z INFO HostContext] Well known directory 'Diag': 'D:\Учёба\kursach\Dev-course\python\actions-runner\_diag'
[2024-03-20 19:22:35Z INFO JobExtension] Initialize Env context
[2024-03-20 19:22:35Z INFO JobExtension] Initialize steps context
[2024-03-20 19:22:35Z INFO JobExtension] Total accessible running process: 263.
[2024-03-20 19:22:36Z INFO JobExtension] Wait for all connectivity checks to finish.
[2024-03-20 19:22:36Z INFO JobServerQueue] Try to append 1 batches web console lines for record '2bdf2927-6aaf-4d6a-b4d5-cf1d8806d6ee', success rate: 1/1.
[2024-03-20 19:22:36Z INFO JobServerQueue] Got a step log file to send to results service.
[2024-03-20 19:22:36Z INFO JobServerQueue] Starting upload of step log file to results service ResultsLog, D:\Учёба\kursach\Dev-course\python\actions-runner\_diag\blocks\46026f9e-8357-44e2-aac4-696637692181_61d3046d-7e22-4b18-8fb5-53ad8a2c2dbe.1
[2024-03-20 19:22:36Z INFO JobExtension] Connectivity check result: https://acghubeus0.actions.githubusercontent.com/_apis/health: OK
[2024-03-20 19:22:36Z INFO JobExtension] Connectivity check result: https://results-receiver.actions.githubusercontent.com/health: OK
[2024-03-20 19:22:36Z INFO JobExtension] Connectivity check result: https://actions-results-receiver-production.githubapp.com/health: OK
[2024-03-20 19:22:36Z INFO JobExtension] Connectivity check result: https://pipelinesghubeus13.actions.githubusercontent.com/_apis/health: OK
[2024-03-20 19:22:36Z INFO ExecutionContext] Publish step telemetry for current step {
  "action": "complete_job",
  "type": "runner",
  "stage": "Post",
  "stepId": "2bdf2927-6aaf-4d6a-b4d5-cf1d8806d6ee",
  "result": "succeeded",
  "errorMessages": [],
  "executionTimeInSeconds": 1,
  "startTime": "2024-03-20T19:22:35.9551335Z",
  "finishTime": "2024-03-20T19:22:36.3479244Z"
}.
[2024-03-20 19:22:36Z INFO JobRunner] Job result after all job steps finish: Failed
[2024-03-20 19:22:36Z INFO JobRunner] Completing the job execution context.
[2024-03-20 19:22:36Z INFO JobRunner] Shutting down the job server queue.
[2024-03-20 19:22:36Z INFO JobServerQueue] Fire signal to shutdown all queues.
[2024-03-20 19:22:36Z INFO JobServerQueue] Try to upload 2 log files or attachments, success rate: 2/2.
[2024-03-20 19:22:38Z INFO JobServerQueue] Got a step log file to send to results service.
[2024-03-20 19:22:38Z INFO JobServerQueue] Starting upload of step log file to results service ResultsLog, D:\Учёба\kursach\Dev-course\python\actions-runner\_diag\blocks\46026f9e-8357-44e2-aac4-696637692181_2b39d87c-6006-4d27-8823-9a318935fc07.1
[2024-03-20 19:22:39Z INFO JobServerQueue] Tried to upload 2 file(s) to results, success rate: 2/2.
[2024-03-20 19:22:40Z INFO JobServerQueue] All queue process task stopped.
[2024-03-20 19:22:40Z INFO JobServerQueue] Web console line queue drained.
[2024-03-20 19:22:40Z INFO JobServerQueue] Uploading 2 files in one shot.
[2024-03-20 19:22:41Z INFO JobServerQueue] Try to upload 2 log files or attachments, success rate: 2/2.
[2024-03-20 19:22:41Z INFO JobServerQueue] File upload queue drained.
[2024-03-20 19:22:41Z INFO JobServerQueue] Starting results-based upload queue...
[2024-03-20 19:22:41Z INFO JobServerQueue] Uploading 2 file(s) in one shot through results service.
[2024-03-20 19:22:41Z INFO JobServerQueue] Got a step log file to send to results service.
[2024-03-20 19:22:41Z INFO JobServerQueue] Starting upload of step log file to results service ResultsLog, D:\Учёба\kursach\Dev-course\python\actions-runner\_diag\blocks\46026f9e-8357-44e2-aac4-696637692181_2bdf2927-6aaf-4d6a-b4d5-cf1d8806d6ee.1
[2024-03-20 19:22:42Z INFO JobServerQueue] Got a job log file to send to results service.
[2024-03-20 19:22:42Z INFO JobServerQueue] Starting upload of job log file to results service ResultsLog, D:\Учёба\kursach\Dev-course\python\actions-runner\_diag\blocks\46026f9e-8357-44e2-aac4-696637692181_ca395085-040a-526b-2ce8-bdc85f692774.1
[2024-03-20 19:22:42Z INFO JobServerQueue] Tried to upload 2 file(s) to results, success rate: 2/2.
[2024-03-20 19:22:42Z INFO JobServerQueue] Results upload queue drained.
[2024-03-20 19:22:43Z INFO JobServerQueue] Timeline update queue drained.
[2024-03-20 19:22:43Z INFO JobServerQueue] Disposing job server ...
[2024-03-20 19:22:43Z INFO JobServerQueue] Disposing results server ...
[2024-03-20 19:22:43Z INFO JobServerQueue] All queue process tasks have been stopped, and all queues are drained.
[2024-03-20 19:22:43Z INFO JobServerQueue] Actions upload time: 1395 ms, Result upload time: 4907 ms
[2024-03-20 19:22:43Z INFO TempDirectoryManager] Cleaning runner temp folder: D:\Учёба\kursach\Dev-course\python\actions-runner\_work\_temp
[2024-03-20 19:22:43Z INFO HostContext] Well known directory 'Bin': 'D:\Учёба\kursach\Dev-course\python\actions-runner\bin'
[2024-03-20 19:22:43Z INFO HostContext] Well known directory 'Root': 'D:\Учёба\kursach\Dev-course\python\actions-runner'
[2024-03-20 19:22:43Z INFO HostContext] Well known directory 'Diag': 'D:\Учёба\kursach\Dev-course\python\actions-runner\_diag'
[2024-03-20 19:22:43Z INFO HostContext] Well known config file 'Telemetry': 'D:\Учёба\kursach\Dev-course\python\actions-runner\_diag\.telemetry'
[2024-03-20 19:22:43Z INFO JobRunner] Raising job completed event
[2024-03-20 19:22:43Z INFO Worker] Job completed.
